panic: length < 0

goroutine 456 [running]:
gvisor.dev/gvisor/pkg/tcpip/stack.PacketData.CapLength({{0x140000e23c0?}}, 0x104a89760?)
        /Users/dragon/code/vm/gvisor/pkg/tcpip/stack/packet_buffer.go:591 +0x58
gvisor.dev/gvisor/pkg/tcpip/transport/tcp.(*sender).splitSeg(0x140003ce2c0, 0x140000e23c0, 0xffffffffffff0044)
        /Users/dragon/code/vm/gvisor/pkg/tcpip/transport/tcp/snd.go:606 +0xd0
gvisor.dev/gvisor/pkg/tcpip/transport/tcp.(*sender).maybeSendSegment(0x140003ce2c0, 0x140000e23c0, 0xffffffffffff0044?, 0x6089ebc6?)
        /Users/dragon/code/vm/gvisor/pkg/tcpip/transport/tcp/snd.go:864 +0x190
gvisor.dev/gvisor/pkg/tcpip/transport/tcp.(*sender).sendData(0x140003ce2c0)
        /Users/dragon/code/vm/gvisor/pkg/tcpip/transport/tcp/snd.go:974 +0x1b0
gvisor.dev/gvisor/pkg/tcpip/transport/tcp.(*endpoint).sendData(0x14000197200?, 0x1047efba8?)
        /Users/dragon/code/vm/gvisor/pkg/tcpip/transport/tcp/connect.go:1009 +0x40
gvisor.dev/gvisor/pkg/tcpip/transport/tcp.(*endpoint).Write(0x14000197200, {0x1047efba8, 0x14000319470}, {0x0, 0x0, 0x0, 0x0, {0x0, 0x0, 0x0, ...}})
        /Users/dragon/code/vm/gvisor/pkg/tcpip/transport/tcp/endpoint.go:1627 +0x17c
github.com/orbstack/macvirt/macvmgr/vnet/gonet.(*TCPConn).Write(0x140000ad3e0, {0x14000800000, 0xcc, 0x80000})
        /Users/dragon/code/projects/macvirt/macvmgr/vnet/gonet/gonet.go:397 +0x24c
io.copyBuffer({0x12c12d878, 0x140000ad3e0}, {0x12c12d898, 0x140000e0040}, {0x14000800000, 0x80000, 0x80000})
        /opt/homebrew/Cellar/go/1.19.3/libexec/src/io/io.go:429 +0x1a8
io.CopyBuffer({0x12c12d878?, 0x140000ad3e0?}, {0x12c12d898?, 0x140000e0040?}, {0x14000800000?, 0x10434b340?, 0x14000069f68?})
        /opt/homebrew/Cellar/go/1.19.3/libexec/src/io/io.go:400 +0x38
github.com/orbstack/macvirt/macvmgr/vnet/tcpfwd.pump1(0x1400039e000?, {0x1047f8190?, 0x140000e0040}, {0x1047f6560?, 0x140000ad3e0})
        /Users/dragon/code/projects/macvirt/macvmgr/vnet/tcpfwd/pump.go:12 +0x98
created by github.com/orbstack/macvirt/macvmgr/vnet/tcpfwd.pump2
        /Users/dragon/code/projects/macvirt/macvmgr/vnet/tcpfwd/pump.go:34 +0xfc
