panic: PullUp failed

goroutine 67 [running]:
gvisor.dev/gvisor/pkg/tcpip/stack.PacketBufferPtr.headerView({0x14000066448?}, 0x105046550?)
        /Users/dragon/code/vm/gvisor/pkg/tcpip/stack/packet_buffer.go:369 +0x104
gvisor.dev/gvisor/pkg/tcpip/stack.PacketHeader.Slice({{0x14000186a00?}, 0x35000?})
        /Users/dragon/code/vm/gvisor/pkg/tcpip/stack/packet_buffer.go:514 +0x20
gvisor.dev/gvisor/pkg/tcpip/stack.PacketBufferPtr.Network({0x140000c4a00?})
        /Users/dragon/code/vm/gvisor/pkg/tcpip/stack/packet_buffer.go:418 +0x5c
gvisor.dev/gvisor/pkg/tcpip/transport/udp.(*ForwarderRequest).CreateEndpoint(0x140000f4c80, 0x1400020e240?)
        /Users/dragon/code/vm/gvisor/pkg/tcpip/transport/udp/forwarder.go:77 +0x9c
github.com/orbstack/macvirt/macvmgr/vnet/udpfwd.NewUdpForwarder.func1.1()
        /Users/dragon/code/projects/macvirt/macvmgr/vnet/udpfwd/udp.go:32 +0x184
created by github.com/orbstack/macvirt/macvmgr/vnet/udpfwd.NewUdpForwarder.func1
        /Users/dragon/code/projects/macvirt/macvmgr/vnet/udpfwd/udp.go:19 +0xb4
panic: PullUp failed

goroutine 68 [running]:
gvisor.dev/gvisor/pkg/tcpip/stack.PacketBufferPtr.headerView({0x14000231448?}, 0x105046550?)
        /Users/dragon/code/vm/gvisor/pkg/tcpip/stack/packet_buffer.go:369 +0x104
gvisor.dev/gvisor/pkg/tcpip/stack.PacketHeader.Slice({{0x14000186a00?}, 0x35000?})
        /Users/dragon/code/vm/gvisor/pkg/tcpip/stack/packet_buffer.go:514 +0x20
gvisor.dev/gvisor/pkg/tcpip/stack.PacketBufferPtr.Network({0x140000c4a00?})
        /Users/dragon/code/vm/gvisor/pkg/tcpip/stack/packet_buffer.go:418 +0x5c
gvisor.dev/gvisor/pkg/tcpip/transport/udp.(*ForwarderRequest).CreateEndpoint(0x140000f4cc0, 0x1400020e240?)
        /Users/dragon/code/vm/gvisor/pkg/tcpip/transport/udp/forwarder.go:77 +0x9c
github.com/orbstack/macvirt/macvmgr/vnet/udpfwd.NewUdpForwarder.func1.1()
        /Users/dragon/code/projects/macvirt/macvmgr/vnet/udpfwd/udp.go:32 +0x184
created by github.com/orbstack/macvirt/macvmgr/vnet/udpfwd.NewUdpForwarder.func1
        /Users/dragon/code/projects/macvirt/macvmgr/vnet/udpfwd/udp.go:19 +0xb4
